2017-03-30 16:11:54.064  INFO 5260 --- [Test worker] readinglist.ReadinglistApplicationTests  : Starting ReadinglistApplicationTests on K-Bijon-L1 with PID 5260 (started by Bijon in E:\readinglist)
2017-03-30 16:11:54.065  INFO 5260 --- [Test worker] readinglist.ReadinglistApplicationTests  : No active profile set, falling back to default profiles: default
2017-03-30 16:11:54.411  INFO 5260 --- [Test worker] o.s.w.c.s.GenericWebApplicationContext   : Refreshing org.springframework.web.context.support.GenericWebApplicationContext@1e58da92: startup date [Thu Mar 30 16:11:54 BDT 2017]; root of context hierarchy
2017-03-30 16:11:56.175  INFO 5260 --- [Test worker] trationDelegate$BeanPostProcessorChecker : Bean 'org.springframework.transaction.annotation.ProxyTransactionManagementConfiguration' of type [org.springframework.transaction.annotation.ProxyTransactionManagementConfiguration$$EnhancerBySpringCGLIB$$a8c6b95] is not eligible for getting processed by all BeanPostProcessors (for example: not eligible for auto-proxying)
2017-03-30 16:11:56.831  INFO 5260 --- [Test worker] j.LocalContainerEntityManagerFactoryBean : Building JPA container EntityManagerFactory for persistence unit 'default'
2017-03-30 16:11:56.850  INFO 5260 --- [Test worker] o.hibernate.jpa.internal.util.LogHelper  : HHH000204: Processing PersistenceUnitInfo [
	name: default
	...]
2017-03-30 16:11:56.981  INFO 5260 --- [Test worker] org.hibernate.Version                    : HHH000412: Hibernate Core {5.0.12.Final}
2017-03-30 16:11:56.983  INFO 5260 --- [Test worker] org.hibernate.cfg.Environment            : HHH000206: hibernate.properties not found
2017-03-30 16:11:56.985  INFO 5260 --- [Test worker] org.hibernate.cfg.Environment            : HHH000021: Bytecode provider name : javassist
2017-03-30 16:11:57.035  INFO 5260 --- [Test worker] o.hibernate.annotations.common.Version   : HCANN000001: Hibernate Commons Annotations {5.0.1.Final}
2017-03-30 16:11:57.156  INFO 5260 --- [Test worker] org.hibernate.dialect.Dialect            : HHH000400: Using dialect: org.hibernate.dialect.H2Dialect
2017-03-30 16:11:57.745  INFO 5260 --- [Test worker] org.hibernate.tool.hbm2ddl.SchemaExport  : HHH000227: Running hbm2ddl schema export
2017-03-30 16:11:57.756  INFO 5260 --- [Test worker] org.hibernate.tool.hbm2ddl.SchemaExport  : HHH000230: Schema export complete
2017-03-30 16:11:57.793  INFO 5260 --- [Test worker] j.LocalContainerEntityManagerFactoryBean : Initialized JPA EntityManagerFactory for persistence unit 'default'
2017-03-30 16:11:58.987  INFO 5260 --- [Test worker] o.s.s.web.DefaultSecurityFilterChain     : Creating filter chain: org.springframework.security.web.util.matcher.AnyRequestMatcher@1, [org.springframework.security.web.context.request.async.WebAsyncManagerIntegrationFilter@12124b16, org.springframework.security.web.context.SecurityContextPersistenceFilter@43a44c71, org.springframework.security.web.header.HeaderWriterFilter@56ca6bc9, org.springframework.security.web.csrf.CsrfFilter@6fbd0f0a, org.springframework.security.web.authentication.logout.LogoutFilter@1ccb1099, org.springframework.security.web.authentication.UsernamePasswordAuthenticationFilter@49558e22, org.springframework.security.web.authentication.ui.DefaultLoginPageGeneratingFilter@51207f59, org.springframework.security.web.savedrequest.RequestCacheAwareFilter@7184015a, org.springframework.security.web.servletapi.SecurityContextHolderAwareRequestFilter@1077a833, org.springframework.security.web.authentication.AnonymousAuthenticationFilter@6eff9a9e, org.springframework.security.web.session.SessionManagementFilter@4043c4d1, org.springframework.security.web.access.ExceptionTranslationFilter@253d8693, org.springframework.security.web.access.intercept.FilterSecurityInterceptor@1d6da5b1]
2017-03-30 16:11:59.439  INFO 5260 --- [Test worker] s.w.s.m.m.a.RequestMappingHandlerAdapter : Looking for @ControllerAdvice: org.springframework.web.context.support.GenericWebApplicationContext@1e58da92: startup date [Thu Mar 30 16:11:54 BDT 2017]; root of context hierarchy
2017-03-30 16:11:59.608  INFO 5260 --- [Test worker] s.w.s.m.m.a.RequestMappingHandlerMapping : Mapped "{[/{username}/{password}],methods=[GET]}" onto public java.lang.String readinglist.ReadingListController.addUser(java.lang.String,java.lang.String)
2017-03-30 16:11:59.609  INFO 5260 --- [Test worker] s.w.s.m.m.a.RequestMappingHandlerMapping : Mapped "{[/{reader}],methods=[POST]}" onto public java.lang.String readinglist.ReadingListController.addToReadingList(java.lang.String,readinglist.Book)
2017-03-30 16:11:59.610  INFO 5260 --- [Test worker] s.w.s.m.m.a.RequestMappingHandlerMapping : Mapped "{[/login-success],methods=[GET]}" onto public java.lang.String readinglist.ReadingListController.redirectUser()
2017-03-30 16:11:59.610  INFO 5260 --- [Test worker] s.w.s.m.m.a.RequestMappingHandlerMapping : Mapped "{[/{reader}],methods=[GET]}" onto public java.lang.String readinglist.ReadingListController.readersBooks(java.lang.String,org.springframework.ui.Model)
2017-03-30 16:11:59.614  INFO 5260 --- [Test worker] s.w.s.m.m.a.RequestMappingHandlerMapping : Mapped "{[/error]}" onto public org.springframework.http.ResponseEntity<java.util.Map<java.lang.String, java.lang.Object>> org.springframework.boot.autoconfigure.web.BasicErrorController.error(javax.servlet.http.HttpServletRequest)
2017-03-30 16:11:59.614  INFO 5260 --- [Test worker] s.w.s.m.m.a.RequestMappingHandlerMapping : Mapped "{[/error],produces=[text/html]}" onto public org.springframework.web.servlet.ModelAndView org.springframework.boot.autoconfigure.web.BasicErrorController.errorHtml(javax.servlet.http.HttpServletRequest,javax.servlet.http.HttpServletResponse)
2017-03-30 16:11:59.687  INFO 5260 --- [Test worker] o.s.w.s.handler.SimpleUrlHandlerMapping  : Mapped URL path [/webjars/**] onto handler of type [class org.springframework.web.servlet.resource.ResourceHttpRequestHandler]
2017-03-30 16:11:59.687  INFO 5260 --- [Test worker] o.s.w.s.handler.SimpleUrlHandlerMapping  : Mapped URL path [/**] onto handler of type [class org.springframework.web.servlet.resource.ResourceHttpRequestHandler]
2017-03-30 16:11:59.756  INFO 5260 --- [Test worker] o.s.w.s.handler.SimpleUrlHandlerMapping  : Mapped URL path [/**/favicon.ico] onto handler of type [class org.springframework.web.servlet.resource.ResourceHttpRequestHandler]
2017-03-30 16:12:00.446  INFO 5260 --- [Test worker] b.a.s.AuthenticationManagerConfiguration : 

Using default security password: 031d8626-994a-4dd1-ba9e-dfc9ade97de1

2017-03-30 16:12:01.005  INFO 5260 --- [Test worker] readinglist.ReadinglistApplicationTests  : Started ReadinglistApplicationTests in 7.469 seconds (JVM running for 8.728)
2017-03-30 16:12:01.073  INFO 5260 --- [Thread-6] o.s.w.c.s.GenericWebApplicationContext   : Closing org.springframework.web.context.support.GenericWebApplicationContext@1e58da92: startup date [Thu Mar 30 16:11:54 BDT 2017]; root of context hierarchy
2017-03-30 16:12:01.079  INFO 5260 --- [Thread-6] j.LocalContainerEntityManagerFactoryBean : Closing JPA EntityManagerFactory for persistence unit 'default'
2017-03-30 16:12:01.079  INFO 5260 --- [Thread-6] org.hibernate.tool.hbm2ddl.SchemaExport  : HHH000227: Running hbm2ddl schema export
2017-03-30 16:12:01.086  INFO 5260 --- [Thread-6] org.hibernate.tool.hbm2ddl.SchemaExport  : HHH000230: Schema export complete
2017-03-30 16:13:35.660  INFO 4208 --- [Test worker] readinglist.ReadinglistApplicationTests  : Starting ReadinglistApplicationTests on K-Bijon-L1 with PID 4208 (started by Bijon in E:\readinglist)
2017-03-30 16:13:35.661  INFO 4208 --- [Test worker] readinglist.ReadinglistApplicationTests  : No active profile set, falling back to default profiles: default
2017-03-30 16:13:35.946  INFO 4208 --- [Test worker] o.s.w.c.s.GenericWebApplicationContext   : Refreshing org.springframework.web.context.support.GenericWebApplicationContext@302d6b3: startup date [Thu Mar 30 16:13:35 BDT 2017]; root of context hierarchy
2017-03-30 16:13:37.711  INFO 4208 --- [Test worker] trationDelegate$BeanPostProcessorChecker : Bean 'org.springframework.transaction.annotation.ProxyTransactionManagementConfiguration' of type [org.springframework.transaction.annotation.ProxyTransactionManagementConfiguration$$EnhancerBySpringCGLIB$$eeec1939] is not eligible for getting processed by all BeanPostProcessors (for example: not eligible for auto-proxying)
2017-03-30 16:13:38.435  INFO 4208 --- [Test worker] j.LocalContainerEntityManagerFactoryBean : Building JPA container EntityManagerFactory for persistence unit 'default'
2017-03-30 16:13:38.459  INFO 4208 --- [Test worker] o.hibernate.jpa.internal.util.LogHelper  : HHH000204: Processing PersistenceUnitInfo [
	name: default
	...]
2017-03-30 16:13:38.552  INFO 4208 --- [Test worker] org.hibernate.Version                    : HHH000412: Hibernate Core {5.0.12.Final}
2017-03-30 16:13:38.555  INFO 4208 --- [Test worker] org.hibernate.cfg.Environment            : HHH000206: hibernate.properties not found
2017-03-30 16:13:38.557  INFO 4208 --- [Test worker] org.hibernate.cfg.Environment            : HHH000021: Bytecode provider name : javassist
2017-03-30 16:13:38.616  INFO 4208 --- [Test worker] o.hibernate.annotations.common.Version   : HCANN000001: Hibernate Commons Annotations {5.0.1.Final}
2017-03-30 16:13:38.738  INFO 4208 --- [Test worker] org.hibernate.dialect.Dialect            : HHH000400: Using dialect: org.hibernate.dialect.H2Dialect
2017-03-30 16:13:39.215  INFO 4208 --- [Test worker] org.hibernate.tool.hbm2ddl.SchemaExport  : HHH000227: Running hbm2ddl schema export
2017-03-30 16:13:39.226  INFO 4208 --- [Test worker] org.hibernate.tool.hbm2ddl.SchemaExport  : HHH000230: Schema export complete
2017-03-30 16:13:39.265  INFO 4208 --- [Test worker] j.LocalContainerEntityManagerFactoryBean : Initialized JPA EntityManagerFactory for persistence unit 'default'
2017-03-30 16:13:40.361  INFO 4208 --- [Test worker] o.s.s.web.DefaultSecurityFilterChain     : Creating filter chain: org.springframework.security.web.util.matcher.AnyRequestMatcher@1, [org.springframework.security.web.context.request.async.WebAsyncManagerIntegrationFilter@6168a55b, org.springframework.security.web.context.SecurityContextPersistenceFilter@78b5ad26, org.springframework.security.web.header.HeaderWriterFilter@72f99669, org.springframework.security.web.csrf.CsrfFilter@3d4bc0, org.springframework.security.web.authentication.logout.LogoutFilter@47543ab1, org.springframework.security.web.authentication.UsernamePasswordAuthenticationFilter@43d2573f, org.springframework.security.web.authentication.ui.DefaultLoginPageGeneratingFilter@f96aa24, org.springframework.security.web.savedrequest.RequestCacheAwareFilter@43b4c5d1, org.springframework.security.web.servletapi.SecurityContextHolderAwareRequestFilter@5903cf4, org.springframework.security.web.authentication.AnonymousAuthenticationFilter@1d402b53, org.springframework.security.web.session.SessionManagementFilter@628e37e7, org.springframework.security.web.access.ExceptionTranslationFilter@68140e9c, org.springframework.security.web.access.intercept.FilterSecurityInterceptor@2a4f28a2]
2017-03-30 16:13:40.816  INFO 4208 --- [Test worker] s.w.s.m.m.a.RequestMappingHandlerAdapter : Looking for @ControllerAdvice: org.springframework.web.context.support.GenericWebApplicationContext@302d6b3: startup date [Thu Mar 30 16:13:35 BDT 2017]; root of context hierarchy
2017-03-30 16:13:40.916  INFO 4208 --- [Test worker] s.w.s.m.m.a.RequestMappingHandlerMapping : Mapped "{[/{username}/{password}],methods=[GET]}" onto public java.lang.String readinglist.ReadingListController.addUser(java.lang.String,java.lang.String)
2017-03-30 16:13:40.917  INFO 4208 --- [Test worker] s.w.s.m.m.a.RequestMappingHandlerMapping : Mapped "{[/{reader}],methods=[POST]}" onto public java.lang.String readinglist.ReadingListController.addToReadingList(java.lang.String,readinglist.Book)
2017-03-30 16:13:40.917  INFO 4208 --- [Test worker] s.w.s.m.m.a.RequestMappingHandlerMapping : Mapped "{[/{reader}],methods=[GET]}" onto public java.lang.String readinglist.ReadingListController.readersBooks(java.lang.String,org.springframework.ui.Model)
2017-03-30 16:13:40.917  INFO 4208 --- [Test worker] s.w.s.m.m.a.RequestMappingHandlerMapping : Mapped "{[/login-success],methods=[GET]}" onto public java.lang.String readinglist.ReadingListController.redirectUser()
2017-03-30 16:13:40.921  INFO 4208 --- [Test worker] s.w.s.m.m.a.RequestMappingHandlerMapping : Mapped "{[/error]}" onto public org.springframework.http.ResponseEntity<java.util.Map<java.lang.String, java.lang.Object>> org.springframework.boot.autoconfigure.web.BasicErrorController.error(javax.servlet.http.HttpServletRequest)
2017-03-30 16:13:40.921  INFO 4208 --- [Test worker] s.w.s.m.m.a.RequestMappingHandlerMapping : Mapped "{[/error],produces=[text/html]}" onto public org.springframework.web.servlet.ModelAndView org.springframework.boot.autoconfigure.web.BasicErrorController.errorHtml(javax.servlet.http.HttpServletRequest,javax.servlet.http.HttpServletResponse)
2017-03-30 16:13:40.989  INFO 4208 --- [Test worker] o.s.w.s.handler.SimpleUrlHandlerMapping  : Mapped URL path [/webjars/**] onto handler of type [class org.springframework.web.servlet.resource.ResourceHttpRequestHandler]
2017-03-30 16:13:40.989  INFO 4208 --- [Test worker] o.s.w.s.handler.SimpleUrlHandlerMapping  : Mapped URL path [/**] onto handler of type [class org.springframework.web.servlet.resource.ResourceHttpRequestHandler]
2017-03-30 16:13:41.071  INFO 4208 --- [Test worker] o.s.w.s.handler.SimpleUrlHandlerMapping  : Mapped URL path [/**/favicon.ico] onto handler of type [class org.springframework.web.servlet.resource.ResourceHttpRequestHandler]
2017-03-30 16:13:41.769  INFO 4208 --- [Test worker] b.a.s.AuthenticationManagerConfiguration : 

Using default security password: cc7183cb-d8cb-4200-b46c-3fea19b54645

2017-03-30 16:13:42.389  INFO 4208 --- [Test worker] readinglist.ReadinglistApplicationTests  : Started ReadinglistApplicationTests in 7.078 seconds (JVM running for 8.238)
2017-03-30 16:13:42.519  INFO 4208 --- [Thread-6] o.s.w.c.s.GenericWebApplicationContext   : Closing org.springframework.web.context.support.GenericWebApplicationContext@302d6b3: startup date [Thu Mar 30 16:13:35 BDT 2017]; root of context hierarchy
2017-03-30 16:13:42.524  INFO 4208 --- [Thread-6] j.LocalContainerEntityManagerFactoryBean : Closing JPA EntityManagerFactory for persistence unit 'default'
2017-03-30 16:13:42.525  INFO 4208 --- [Thread-6] org.hibernate.tool.hbm2ddl.SchemaExport  : HHH000227: Running hbm2ddl schema export
2017-03-30 16:13:42.533  INFO 4208 --- [Thread-6] org.hibernate.tool.hbm2ddl.SchemaExport  : HHH000230: Schema export complete
2017-03-30 16:13:57.128  INFO 4500 --- [main] readinglist.ReadinglistApplication       : Starting ReadinglistApplication on K-Bijon-L1 with PID 4500 (E:\readinglist\build\classes\main started by Bijon in E:\readinglist)
2017-03-30 16:13:57.133  INFO 4500 --- [main] readinglist.ReadinglistApplication       : No active profile set, falling back to default profiles: default
2017-03-30 16:13:57.444  INFO 4500 --- [main] ationConfigEmbeddedWebApplicationContext : Refreshing org.springframework.boot.context.embedded.AnnotationConfigEmbeddedWebApplicationContext@489ec948: startup date [Thu Mar 30 16:13:57 BDT 2017]; root of context hierarchy
2017-03-30 16:13:58.893  INFO 4500 --- [main] trationDelegate$BeanPostProcessorChecker : Bean 'org.springframework.transaction.annotation.ProxyTransactionManagementConfiguration' of type [org.springframework.transaction.annotation.ProxyTransactionManagementConfiguration$$EnhancerBySpringCGLIB$$7236b6f9] is not eligible for getting processed by all BeanPostProcessors (for example: not eligible for auto-proxying)
2017-03-30 16:13:59.335  INFO 4500 --- [main] s.b.c.e.t.TomcatEmbeddedServletContainer : Tomcat initialized with port(s): 8443 (https)
2017-03-30 16:13:59.347  INFO 4500 --- [main] o.apache.catalina.core.StandardService   : Starting service Tomcat
2017-03-30 16:13:59.348  INFO 4500 --- [main] org.apache.catalina.core.StandardEngine  : Starting Servlet Engine: Apache Tomcat/8.5.11
2017-03-30 16:13:59.450  INFO 4500 --- [localhost-startStop-1] o.a.c.c.C.[Tomcat].[localhost].[/]       : Initializing Spring embedded WebApplicationContext
2017-03-30 16:13:59.451  INFO 4500 --- [localhost-startStop-1] o.s.web.context.ContextLoader            : Root WebApplicationContext: initialization completed in 2010 ms
2017-03-30 16:13:59.692  INFO 4500 --- [localhost-startStop-1] o.s.b.w.servlet.FilterRegistrationBean   : Mapping filter: 'characterEncodingFilter' to: [/*]
2017-03-30 16:13:59.693  INFO 4500 --- [localhost-startStop-1] o.s.b.w.servlet.FilterRegistrationBean   : Mapping filter: 'hiddenHttpMethodFilter' to: [/*]
2017-03-30 16:13:59.693  INFO 4500 --- [localhost-startStop-1] o.s.b.w.servlet.FilterRegistrationBean   : Mapping filter: 'httpPutFormContentFilter' to: [/*]
2017-03-30 16:13:59.694  INFO 4500 --- [localhost-startStop-1] o.s.b.w.servlet.FilterRegistrationBean   : Mapping filter: 'requestContextFilter' to: [/*]
2017-03-30 16:13:59.695  INFO 4500 --- [localhost-startStop-1] .s.DelegatingFilterProxyRegistrationBean : Mapping filter: 'springSecurityFilterChain' to: [/*]
2017-03-30 16:13:59.696  INFO 4500 --- [localhost-startStop-1] o.s.b.w.servlet.ServletRegistrationBean  : Mapping servlet: 'dispatcherServlet' to [/]
2017-03-30 16:14:00.218  INFO 4500 --- [main] j.LocalContainerEntityManagerFactoryBean : Building JPA container EntityManagerFactory for persistence unit 'default'
2017-03-30 16:14:00.239  INFO 4500 --- [main] o.hibernate.jpa.internal.util.LogHelper  : HHH000204: Processing PersistenceUnitInfo [
	name: default
	...]
2017-03-30 16:14:00.308  INFO 4500 --- [main] org.hibernate.Version                    : HHH000412: Hibernate Core {5.0.12.Final}
2017-03-30 16:14:00.309  INFO 4500 --- [main] org.hibernate.cfg.Environment            : HHH000206: hibernate.properties not found
2017-03-30 16:14:00.310  INFO 4500 --- [main] org.hibernate.cfg.Environment            : HHH000021: Bytecode provider name : javassist
2017-03-30 16:14:00.353  INFO 4500 --- [main] o.hibernate.annotations.common.Version   : HCANN000001: Hibernate Commons Annotations {5.0.1.Final}
2017-03-30 16:14:00.469  INFO 4500 --- [main] org.hibernate.dialect.Dialect            : HHH000400: Using dialect: org.hibernate.dialect.H2Dialect
2017-03-30 16:14:00.839  INFO 4500 --- [main] org.hibernate.tool.hbm2ddl.SchemaExport  : HHH000227: Running hbm2ddl schema export
2017-03-30 16:14:00.849  INFO 4500 --- [main] org.hibernate.tool.hbm2ddl.SchemaExport  : HHH000230: Schema export complete
2017-03-30 16:14:00.882  INFO 4500 --- [main] j.LocalContainerEntityManagerFactoryBean : Initialized JPA EntityManagerFactory for persistence unit 'default'
2017-03-30 16:14:01.815  INFO 4500 --- [main] o.s.s.web.DefaultSecurityFilterChain     : Creating filter chain: org.springframework.security.web.util.matcher.AnyRequestMatcher@1, [org.springframework.security.web.context.request.async.WebAsyncManagerIntegrationFilter@4b633bfb, org.springframework.security.web.context.SecurityContextPersistenceFilter@c8077b0, org.springframework.security.web.header.HeaderWriterFilter@cfbf9b2, org.springframework.security.web.csrf.CsrfFilter@2a8bb595, org.springframework.security.web.authentication.logout.LogoutFilter@6b42994b, org.springframework.security.web.authentication.UsernamePasswordAuthenticationFilter@57b76947, org.springframework.security.web.authentication.ui.DefaultLoginPageGeneratingFilter@a43663c, org.springframework.security.web.savedrequest.RequestCacheAwareFilter@191fe81, org.springframework.security.web.servletapi.SecurityContextHolderAwareRequestFilter@507d5ce, org.springframework.security.web.authentication.AnonymousAuthenticationFilter@5ff70267, org.springframework.security.web.session.SessionManagementFilter@1567dcef, org.springframework.security.web.access.ExceptionTranslationFilter@42baa972, org.springframework.security.web.access.intercept.FilterSecurityInterceptor@29bf3215]
2017-03-30 16:14:01.978  INFO 4500 --- [main] s.w.s.m.m.a.RequestMappingHandlerAdapter : Looking for @ControllerAdvice: org.springframework.boot.context.embedded.AnnotationConfigEmbeddedWebApplicationContext@489ec948: startup date [Thu Mar 30 16:13:57 BDT 2017]; root of context hierarchy
2017-03-30 16:14:02.091  INFO 4500 --- [main] s.w.s.m.m.a.RequestMappingHandlerMapping : Mapped "{[/{reader}],methods=[GET]}" onto public java.lang.String readinglist.ReadingListController.readersBooks(java.lang.String,org.springframework.ui.Model)
2017-03-30 16:14:02.092  INFO 4500 --- [main] s.w.s.m.m.a.RequestMappingHandlerMapping : Mapped "{[/login-success],methods=[GET]}" onto public java.lang.String readinglist.ReadingListController.redirectUser()
2017-03-30 16:14:02.092  INFO 4500 --- [main] s.w.s.m.m.a.RequestMappingHandlerMapping : Mapped "{[/{reader}],methods=[POST]}" onto public java.lang.String readinglist.ReadingListController.addToReadingList(java.lang.String,readinglist.Book)
2017-03-30 16:14:02.093  INFO 4500 --- [main] s.w.s.m.m.a.RequestMappingHandlerMapping : Mapped "{[/{username}/{password}],methods=[GET]}" onto public java.lang.String readinglist.ReadingListController.addUser(java.lang.String,java.lang.String)
2017-03-30 16:14:02.096  INFO 4500 --- [main] s.w.s.m.m.a.RequestMappingHandlerMapping : Mapped "{[/error]}" onto public org.springframework.http.ResponseEntity<java.util.Map<java.lang.String, java.lang.Object>> org.springframework.boot.autoconfigure.web.BasicErrorController.error(javax.servlet.http.HttpServletRequest)
2017-03-30 16:14:02.097  INFO 4500 --- [main] s.w.s.m.m.a.RequestMappingHandlerMapping : Mapped "{[/error],produces=[text/html]}" onto public org.springframework.web.servlet.ModelAndView org.springframework.boot.autoconfigure.web.BasicErrorController.errorHtml(javax.servlet.http.HttpServletRequest,javax.servlet.http.HttpServletResponse)
2017-03-30 16:14:02.165  INFO 4500 --- [main] o.s.w.s.handler.SimpleUrlHandlerMapping  : Mapped URL path [/webjars/**] onto handler of type [class org.springframework.web.servlet.resource.ResourceHttpRequestHandler]
2017-03-30 16:14:02.166  INFO 4500 --- [main] o.s.w.s.handler.SimpleUrlHandlerMapping  : Mapped URL path [/**] onto handler of type [class org.springframework.web.servlet.resource.ResourceHttpRequestHandler]
2017-03-30 16:14:02.232  INFO 4500 --- [main] o.s.w.s.handler.SimpleUrlHandlerMapping  : Mapped URL path [/**/favicon.ico] onto handler of type [class org.springframework.web.servlet.resource.ResourceHttpRequestHandler]
2017-03-30 16:14:02.815  INFO 4500 --- [main] b.a.s.AuthenticationManagerConfiguration : 

Using default security password: eb0b9fa4-b922-4c5c-aff1-77b34e5b863f

2017-03-30 16:14:03.260  INFO 4500 --- [main] o.s.j.e.a.AnnotationMBeanExporter        : Registering beans for JMX exposure on startup
2017-03-30 16:14:03.912  INFO 4500 --- [main] s.b.c.e.t.TomcatEmbeddedServletContainer : Tomcat started on port(s): 8443 (https)
2017-03-30 16:14:03.916  INFO 4500 --- [main] readinglist.ReadinglistApplication       : Started ReadinglistApplication in 7.196 seconds (JVM running for 7.721)
